{"C:\\Users\\MuseHD\\Desktop\\Things\\School\\Y12 2022\\Software\\MajorWork\\scripts\\util.js": {"path":"C:\\Users\\MuseHD\\Desktop\\Things\\School\\Y12 2022\\Software\\MajorWork\\scripts\\util.js","statementMap":{"0":{"start":{"line":3,"column":15},"end":{"line":3,"column":55}},"1":{"start":{"line":3,"column":25},"end":{"line":3,"column":55}},"2":{"start":{"line":5,"column":14},"end":{"line":5,"column":16}},"3":{"start":{"line":6,"column":17},"end":{"line":6,"column":28}},"4":{"start":{"line":7,"column":17},"end":{"line":7,"column":30}},"5":{"start":{"line":8,"column":4},"end":{"line":21,"column":5}},"6":{"start":{"line":8,"column":17},"end":{"line":8,"column":18}},"7":{"start":{"line":9,"column":18},"end":{"line":9,"column":27}},"8":{"start":{"line":10,"column":8},"end":{"line":19,"column":9}},"9":{"start":{"line":11,"column":24},"end":{"line":11,"column":38}},"10":{"start":{"line":13,"column":12},"end":{"line":18,"column":13}},"11":{"start":{"line":14,"column":16},"end":{"line":14,"column":57}},"12":{"start":{"line":28,"column":13},"end":{"line":28,"column":20}},"13":{"start":{"line":29,"column":13},"end":{"line":29,"column":20}},"14":{"start":{"line":30,"column":1},"end":{"line":44,"column":2}},"15":{"start":{"line":30,"column":14},"end":{"line":30,"column":15}},"16":{"start":{"line":31,"column":10},"end":{"line":31,"column":17}},"17":{"start":{"line":32,"column":10},"end":{"line":32,"column":17}},"18":{"start":{"line":33,"column":2},"end":{"line":33,"column":18}},"19":{"start":{"line":34,"column":8},"end":{"line":40,"column":9}},"20":{"start":{"line":35,"column":12},"end":{"line":35,"column":45}},"21":{"start":{"line":38,"column":12},"end":{"line":38,"column":36}},"22":{"start":{"line":39,"column":12},"end":{"line":39,"column":29}},"23":{"start":{"line":41,"column":2},"end":{"line":41,"column":15}},"24":{"start":{"line":42,"column":2},"end":{"line":42,"column":12}},"25":{"start":{"line":43,"column":2},"end":{"line":43,"column":12}},"26":{"start":{"line":52,"column":14},"end":{"line":52,"column":19}},"27":{"start":{"line":53,"column":14},"end":{"line":53,"column":19}},"28":{"start":{"line":54,"column":4},"end":{"line":60,"column":5}},"29":{"start":{"line":56,"column":8},"end":{"line":59,"column":9}},"30":{"start":{"line":58,"column":12},"end":{"line":58,"column":21}},"31":{"start":{"line":62,"column":4},"end":{"line":62,"column":17}},"32":{"start":{"line":67,"column":11},"end":{"line":67,"column":13}},"33":{"start":{"line":68,"column":1},"end":{"line":68,"column":95}},"34":{"start":{"line":68,"column":56},"end":{"line":68,"column":94}},"35":{"start":{"line":69,"column":1},"end":{"line":72,"column":2}},"36":{"start":{"line":69,"column":14},"end":{"line":69,"column":15}},"37":{"start":{"line":70,"column":12},"end":{"line":70,"column":39}},"38":{"start":{"line":71,"column":2},"end":{"line":71,"column":16}},"39":{"start":{"line":73,"column":1},"end":{"line":73,"column":12}},"40":{"start":{"line":78,"column":21},"end":{"line":78,"column":64}},"41":{"start":{"line":79,"column":4},"end":{"line":81,"column":5}},"42":{"start":{"line":79,"column":21},"end":{"line":79,"column":22}},"43":{"start":{"line":80,"column":8},"end":{"line":80,"column":46}},"44":{"start":{"line":83,"column":1},"end":{"line":83,"column":69}},"45":{"start":{"line":84,"column":1},"end":{"line":84,"column":69}},"46":{"start":{"line":85,"column":1},"end":{"line":85,"column":68}},"47":{"start":{"line":87,"column":1},"end":{"line":87,"column":66}},"48":{"start":{"line":88,"column":1},"end":{"line":88,"column":66}},"49":{"start":{"line":89,"column":1},"end":{"line":89,"column":62}},"50":{"start":{"line":95,"column":14},"end":{"line":95,"column":30}},"51":{"start":{"line":96,"column":1},"end":{"line":140,"column":2}},"52":{"start":{"line":97,"column":12},"end":{"line":97,"column":23}},"53":{"start":{"line":98,"column":2},"end":{"line":136,"column":3}},"54":{"start":{"line":100,"column":3},"end":{"line":100,"column":32}},"55":{"start":{"line":101,"column":17},"end":{"line":101,"column":38}},"56":{"start":{"line":102,"column":3},"end":{"line":102,"column":49}},"57":{"start":{"line":103,"column":3},"end":{"line":103,"column":26}},"58":{"start":{"line":104,"column":19},"end":{"line":104,"column":49}},"59":{"start":{"line":105,"column":3},"end":{"line":105,"column":23}},"60":{"start":{"line":106,"column":3},"end":{"line":106,"column":49}},"61":{"start":{"line":109,"column":3},"end":{"line":109,"column":23}},"62":{"start":{"line":116,"column":3},"end":{"line":116,"column":25}},"63":{"start":{"line":117,"column":15},"end":{"line":117,"column":30}},"64":{"start":{"line":118,"column":15},"end":{"line":118,"column":30}},"65":{"start":{"line":119,"column":3},"end":{"line":134,"column":4}},"66":{"start":{"line":119,"column":16},"end":{"line":119,"column":17}},"67":{"start":{"line":120,"column":12},"end":{"line":120,"column":27}},"68":{"start":{"line":121,"column":12},"end":{"line":121,"column":27}},"69":{"start":{"line":125,"column":4},"end":{"line":125,"column":20}},"70":{"start":{"line":126,"column":4},"end":{"line":126,"column":28}},"71":{"start":{"line":127,"column":4},"end":{"line":127,"column":21}},"72":{"start":{"line":128,"column":4},"end":{"line":128,"column":17}},"73":{"start":{"line":129,"column":4},"end":{"line":129,"column":14}},"74":{"start":{"line":130,"column":4},"end":{"line":130,"column":14}},"75":{"start":{"line":137,"column":2},"end":{"line":137,"column":32}},"76":{"start":{"line":138,"column":2},"end":{"line":138,"column":33}},"77":{"start":{"line":141,"column":1},"end":{"line":141,"column":41}},"78":{"start":{"line":144,"column":0},"end":{"line":144,"column":43}}},"fnMap":{"0":{"name":"(anonymous_0)","decl":{"start":{"line":3,"column":15},"end":{"line":3,"column":16}},"loc":{"start":{"line":3,"column":25},"end":{"line":3,"column":55}},"line":3},"1":{"name":"imgToArray","decl":{"start":{"line":4,"column":9},"end":{"line":4,"column":19}},"loc":{"start":{"line":4,"column":27},"end":{"line":23,"column":1}},"line":4},"2":{"name":"draw","decl":{"start":{"line":27,"column":9},"end":{"line":27,"column":13}},"loc":{"start":{"line":27,"column":28},"end":{"line":46,"column":1}},"line":27},"3":{"name":"containsObject","decl":{"start":{"line":50,"column":9},"end":{"line":50,"column":23}},"loc":{"start":{"line":50,"column":35},"end":{"line":63,"column":1}},"line":50},"4":{"name":"arrToXY","decl":{"start":{"line":66,"column":9},"end":{"line":66,"column":16}},"loc":{"start":{"line":66,"column":23},"end":{"line":74,"column":1}},"line":66},"5":{"name":"hideAllSettings","decl":{"start":{"line":77,"column":9},"end":{"line":77,"column":24}},"loc":{"start":{"line":77,"column":27},"end":{"line":91,"column":1}},"line":77},"6":{"name":"receiveImage","decl":{"start":{"line":94,"column":9},"end":{"line":94,"column":21}},"loc":{"start":{"line":94,"column":25},"end":{"line":142,"column":1}},"line":94},"7":{"name":"(anonymous_7)","decl":{"start":{"line":96,"column":17},"end":{"line":96,"column":18}},"loc":{"start":{"line":96,"column":32},"end":{"line":140,"column":2}},"line":96},"8":{"name":"(anonymous_8)","decl":{"start":{"line":98,"column":15},"end":{"line":98,"column":16}},"loc":{"start":{"line":98,"column":25},"end":{"line":136,"column":3}},"line":98}},"branchMap":{"0":{"loc":{"start":{"line":10,"column":8},"end":{"line":19,"column":9}},"type":"if","locations":[{"start":{"line":10,"column":8},"end":{"line":19,"column":9}},{"start":{},"end":{}}],"line":10},"1":{"loc":{"start":{"line":13,"column":12},"end":{"line":18,"column":13}},"type":"if","locations":[{"start":{"line":13,"column":12},"end":{"line":18,"column":13}},{"start":{"line":16,"column":16},"end":{"line":18,"column":13}}],"line":13},"2":{"loc":{"start":{"line":13,"column":16},"end":{"line":13,"column":88}},"type":"binary-expr","locations":[{"start":{"line":13,"column":17},"end":{"line":13,"column":29}},{"start":{"line":13,"column":35},"end":{"line":13,"column":49}},{"start":{"line":13,"column":55},"end":{"line":13,"column":67}},{"start":{"line":13,"column":73},"end":{"line":13,"column":87}}],"line":13},"3":{"loc":{"start":{"line":27,"column":18},"end":{"line":27,"column":27}},"type":"default-arg","locations":[{"start":{"line":27,"column":22},"end":{"line":27,"column":27}}],"line":27},"4":{"loc":{"start":{"line":34,"column":8},"end":{"line":40,"column":9}},"type":"if","locations":[{"start":{"line":34,"column":8},"end":{"line":40,"column":9}},{"start":{"line":37,"column":12},"end":{"line":40,"column":9}}],"line":34},"5":{"loc":{"start":{"line":56,"column":8},"end":{"line":59,"column":9}},"type":"if","locations":[{"start":{"line":56,"column":8},"end":{"line":59,"column":9}},{"start":{},"end":{}}],"line":56},"6":{"loc":{"start":{"line":56,"column":12},"end":{"line":56,"column":52}},"type":"binary-expr","locations":[{"start":{"line":56,"column":13},"end":{"line":56,"column":29}},{"start":{"line":56,"column":35},"end":{"line":56,"column":51}}],"line":56},"7":{"loc":{"start":{"line":68,"column":1},"end":{"line":68,"column":95}},"type":"if","locations":[{"start":{"line":68,"column":1},"end":{"line":68,"column":95}},{"start":{},"end":{}}],"line":68},"8":{"loc":{"start":{"line":68,"column":4},"end":{"line":68,"column":54}},"type":"binary-expr","locations":[{"start":{"line":68,"column":4},"end":{"line":68,"column":27}},{"start":{"line":68,"column":31},"end":{"line":68,"column":54}}],"line":68}},"s":{"0":1,"1":0,"2":0,"3":0,"4":0,"5":0,"6":0,"7":0,"8":0,"9":0,"10":0,"11":0,"12":0,"13":0,"14":0,"15":0,"16":0,"17":0,"18":0,"19":0,"20":0,"21":0,"22":0,"23":0,"24":0,"25":0,"26":4,"27":4,"28":4,"29":104,"30":1,"31":3,"32":3,"33":3,"34":1,"35":1,"36":1,"37":3,"38":3,"39":1,"40":0,"41":0,"42":0,"43":0,"44":0,"45":0,"46":0,"47":0,"48":0,"49":0,"50":0,"51":0,"52":0,"53":0,"54":0,"55":0,"56":0,"57":0,"58":0,"59":0,"60":0,"61":0,"62":0,"63":0,"64":0,"65":0,"66":0,"67":0,"68":0,"69":0,"70":0,"71":0,"72":0,"73":0,"74":0,"75":0,"76":0,"77":0,"78":1},"f":{"0":0,"1":0,"2":0,"3":4,"4":3,"5":0,"6":0,"7":0,"8":0},"b":{"0":[0,0],"1":[0,0],"2":[0,0,0,0],"3":[0],"4":[0,0],"5":[1,103],"6":[104,1],"7":[1,1],"8":[3,1]},"_coverageSchema":"1a1c01bbd47fc00a2c39e90264f33305004495a9","hash":"52ca8a999cb68ea0e23fb4a1b34cf8482aa3e8f5"}
}
