TN:
SF:scripts\util.js
FN:3,(anonymous_0)
FN:4,imgToArray
FN:27,draw
FN:50,containsObject
FN:66,arrToXY
FN:77,hideAllSettings
FN:94,receiveImage
FN:96,(anonymous_7)
FN:98,(anonymous_8)
FNF:9
FNH:2
FNDA:0,(anonymous_0)
FNDA:0,imgToArray
FNDA:0,draw
FNDA:4,containsObject
FNDA:3,arrToXY
FNDA:0,hideAllSettings
FNDA:0,receiveImage
FNDA:0,(anonymous_7)
FNDA:0,(anonymous_8)
DA:3,1
DA:5,0
DA:6,0
DA:7,0
DA:8,0
DA:9,0
DA:10,0
DA:11,0
DA:13,0
DA:14,0
DA:28,0
DA:29,0
DA:30,0
DA:31,0
DA:32,0
DA:33,0
DA:34,0
DA:35,0
DA:38,0
DA:39,0
DA:41,0
DA:42,0
DA:43,0
DA:52,4
DA:53,4
DA:54,4
DA:56,104
DA:58,1
DA:62,3
DA:67,3
DA:68,3
DA:69,1
DA:70,3
DA:71,3
DA:73,1
DA:78,0
DA:79,0
DA:80,0
DA:83,0
DA:84,0
DA:85,0
DA:87,0
DA:88,0
DA:89,0
DA:95,0
DA:96,0
DA:97,0
DA:98,0
DA:100,0
DA:101,0
DA:102,0
DA:103,0
DA:104,0
DA:105,0
DA:106,0
DA:109,0
DA:116,0
DA:117,0
DA:118,0
DA:119,0
DA:120,0
DA:121,0
DA:125,0
DA:126,0
DA:127,0
DA:128,0
DA:129,0
DA:130,0
DA:137,0
DA:138,0
DA:141,0
DA:144,1
LF:72
LH:14
BRDA:10,0,0,0
BRDA:10,0,1,0
BRDA:13,1,0,0
BRDA:13,1,1,0
BRDA:13,2,0,0
BRDA:13,2,1,0
BRDA:13,2,2,0
BRDA:13,2,3,0
BRDA:27,3,0,0
BRDA:34,4,0,0
BRDA:34,4,1,0
BRDA:56,5,0,1
BRDA:56,5,1,103
BRDA:56,6,0,104
BRDA:56,6,1,1
BRDA:68,7,0,1
BRDA:68,7,1,1
BRDA:68,8,0,3
BRDA:68,8,1,1
BRF:19
BRH:8
end_of_record
